<?xml version="1.0" encoding="UTF-8"?>
<!-- Generated by org.testng.reporters.JUnitReportReporter -->
<testsuite hostname="Rajats-MacBook-Pro.local" failures="0" tests="1" name="org.example.Firstpage" time="0.004" errors="0" timestamp="2024-10-21T12:56:45 IST" skipped="0">
  <testcase classname="org.example.Firstpage" name="hello" time="0.004"/>
  <system-out/>
</testsuite> <!-- org.example.Firstpage -->
