<?xml version="1.0" encoding="UTF-8"?>
<!-- Generated by org.testng.reporters.JUnitReportReporter -->
<testsuite hostname="Rajats-MacBook-Pro.local" failures="0" tests="1" name="org.example.secondclass2" time="0.000" errors="0" timestamp="2024-10-21T12:56:45 IST" skipped="0">
  <testcase classname="org.example.secondclass2" name="hgello" time="0.000"/>
  <system-out/>
</testsuite> <!-- org.example.secondclass2 -->
